GROUP,PACKAGE,CLASS,INSTRUCTION_MISSED,INSTRUCTION_COVERED,BRANCH_MISSED,BRANCH_COVERED,LINE_MISSED,LINE_COVERED,COMPLEXITY_MISSED,COMPLEXITY_COVERED,METHOD_MISSED,METHOD_COVERED
DigitalAdapter,hn.com.tigo.josm.orchestrator.adapter.digital.utils,DigitalConstantsAdapter,3,0,0,0,2,0,1,0,1,0
DigitalAdapter,hn.com.tigo.josm.orchestrator.adapter.digital,DigitalAdapter,0,113,0,0,0,14,0,3,0,3
DigitalAdapter,hn.com.tigo.josm.orchestrator.adapter.digital.task,TigoSportProvisioningTask,13,50,0,0,3,12,0,5,0,5
DigitalAdapter,hn.com.tigo.josm.orchestrator.adapter.digital.task,DigitalServiceCreateTask,0,41,0,0,0,8,0,5,0,5
DigitalAdapter,hn.com.tigo.josm.orchestrator.adapter.digital.task,DigitalServiceDeleteTask,0,41,0,0,0,8,0,5,0,5
